Started building sites ...
Built site for language en:
0 draft content
0 future content
0 expired content
3 regular pages created
10 other pages created
0 non-page files copied
0 paginator pages created
0 tags created
0 categories created
total in 6 ms
Watching for changes in /Users/sebastianestevez/Desktop/simple-startup-and-docs/docsrc/{content,static,themes}
Serving pages from memory
Web Server is available at http://localhost:1313/ (bind address 127.0.0.1)
Press Ctrl+C to stop

Change detected, rebuilding site
2017-12-28 17:56 -0500
Template changed "/Users/sebastianestevez/Desktop/simple-startup-and-docs/docsrc/themes/hugo-material-docs/layouts/404.html": REMOVE
Template changed "/Users/sebastianestevez/Desktop/simple-startup-and-docs/docsrc/themes/hugo-material-docs/layouts/_default/__list.html": REMOVE
Template changed "/Users/sebastianestevez/Desktop/simple-startup-and-docs/docsrc/themes/hugo-material-docs/layouts/_default": REMOVE|WRITE
Template changed "/Users/sebastianestevez/Desktop/simple-startup-and-docs/docsrc/themes/hugo-material-docs/layouts/index.html": REMOVE
Template changed "/Users/sebastianestevez/Desktop/simple-startup-and-docs/docsrc/themes/hugo-material-docs/layouts/partials/annotatorjs1.html": REMOVE
Template changed "/Users/sebastianestevez/Desktop/simple-startup-and-docs/docsrc/themes/hugo-material-docs/layouts/partials": REMOVE|WRITE
Template changed "/Users/sebastianestevez/Desktop/simple-startup-and-docs/docsrc/themes/hugo-material-docs/layouts": REMOVE|WRITE
Template changed "/Users/sebastianestevez/Desktop/simple-startup-and-docs/docsrc/themes/hugo-material-docs/layouts/shortcodes/button.html": REMOVE
Template changed "/Users/sebastianestevez/Desktop/simple-startup-and-docs/docsrc/themes/hugo-material-docs/layouts/shortcodes": REMOVE|WRITE
Built site for language en:
0 draft content
0 future content
0 expired content
3 regular pages created
10 other pages created
0 non-page files copied
0 paginator pages created
0 tags created
0 categories created
total in 14 ms
[?25lBuilding sites … [?25h[K
                   | EN  
+------------------+----+
  Pages            |  8  
  Paginator pages  |  0  
  Non-page files   |  3  
  Static files     | 14  
  Processed images |  0  
  Aliases          |  0  
  Sitemaps         |  1  
  Cleaned          |  0  

Total in 80 ms
Watching for changes in /Users/ericzietlow/Documents/GitHub/dsefs-demo/docsrc/{content,static}
Serving pages from memory
Running in Fast Render Mode. For full rebuilds on change: hugo server --disableFastRender
Web Server is available at http://localhost:1313/ (bind address 0.0.0.0)
Press Ctrl+C to stop
[?25lBuilding sites … [?25h[K
                   | EN   
+------------------+-----+
  Pages            |  10  
  Paginator pages  |   0  
  Non-page files   |   3  
  Static files     | 209  
  Processed images |   0  
  Aliases          |   0  
  Sitemaps         |   1  
  Cleaned          |   0  

Total in 131 ms
Watching for changes in /Users/ericzietlow/Documents/GitHub/dsefs-demo/docsrc/{content,static,themes}
Serving pages from memory
Running in Fast Render Mode. For full rebuilds on change: hugo server --disableFastRender
Web Server is available at http://localhost:1313/ (bind address 0.0.0.0)
Press Ctrl+C to stop

Change detected, rebuilding site
2018-01-26 16:07:27.331 -0600
Source changed "/Users/ericzietlow/Documents/GitHub/dsefs-demo/docsrc/content/index.md": CREATE
Total in 56 ms
[?25lBuilding sites … [?25h[K
                   | EN   
+------------------+-----+
  Pages            |  10  
  Paginator pages  |   0  
  Non-page files   |   3  
  Static files     | 209  
  Processed images |   0  
  Aliases          |   0  
  Sitemaps         |   1  
  Cleaned          |   0  

Total in 113 ms
Watching for changes in /Users/ericzietlow/Documents/GitHub/dsefs-demo/docsrc/{content,static,themes}
Serving pages from memory
Running in Fast Render Mode. For full rebuilds on change: hugo server --disableFastRender
Web Server is available at http://localhost:1313/ (bind address 0.0.0.0)
Press Ctrl+C to stop

Change detected, rebuilding site
2018-01-26 16:13:46.714 -0600
Source changed "/Users/ericzietlow/Documents/GitHub/dsefs-demo/docsrc/content/index.md": CREATE
Total in 31 ms
[?25lBuilding sites … [?25h[K
                   | EN   
+------------------+-----+
  Pages            |  10  
  Paginator pages  |   0  
  Non-page files   |   3  
  Static files     | 209  
  Processed images |   0  
  Aliases          |   0  
  Sitemaps         |   1  
  Cleaned          |   0  

Total in 121 ms
Watching for changes in /Users/ericzietlow/Documents/GitHub/dsefs-demo/docsrc/{content,static,themes}
Serving pages from memory
Running in Fast Render Mode. For full rebuilds on change: hugo server --disableFastRender
Web Server is available at http://localhost:1313/ (bind address 0.0.0.0)
Press Ctrl+C to stop

Change detected, rebuilding site
2018-01-26 16:14:46.629 -0600
Source changed "/Users/ericzietlow/Documents/GitHub/dsefs-demo/docsrc/content/50_architecture/architecture.md": CREATE
Source changed "/Users/ericzietlow/Documents/GitHub/dsefs-demo/docsrc/content/10_put_demo/puts.md": CREATE
Source changed "/Users/ericzietlow/Documents/GitHub/dsefs-demo/docsrc/content/index.md": CREATE
Source changed "/Users/ericzietlow/Documents/GitHub/dsefs-demo/docsrc/content/40_build_and_run/build_and_run.md": CREATE
Source changed "/Users/ericzietlow/Documents/GitHub/dsefs-demo/docsrc/content/30_checkpoint_demo/checkpoint.md": CREATE
Source changed "/Users/ericzietlow/Documents/GitHub/dsefs-demo/docsrc/content/20_load_demo/load.md": CREATE
ERROR 2018/01/26 16:14:46 Two or more menu items have the same name/identifier in Menu "main": "introduction".
Rename or set an unique identifier.
ERROR 2018/01/26 16:14:46 Two or more menu items have the same name/identifier in Menu "main": "introduction".
Rename or set an unique identifier.
ERROR 2018/01/26 16:14:46 Two or more menu items have the same name/identifier in Menu "main": "introduction".
Rename or set an unique identifier.
ERROR 2018/01/26 16:14:46 Two or more menu items have the same name/identifier in Menu "main": "introduction".
Rename or set an unique identifier.
Total in 35 ms
[?25lBuilding sites … [?25h[K
                   | EN   
+------------------+-----+
  Pages            |  10  
  Paginator pages  |   0  
  Non-page files   |   3  
  Static files     | 209  
  Processed images |   0  
  Aliases          |   0  
  Sitemaps         |   1  
  Cleaned          |   0  

Total in 118 ms
Watching for changes in /Users/ericzietlow/Documents/GitHub/dsefs-demo/docsrc/{content,static,themes}
Serving pages from memory
Running in Fast Render Mode. For full rebuilds on change: hugo server --disableFastRender
Web Server is available at http://localhost:1313/ (bind address 0.0.0.0)
Press Ctrl+C to stop
Config file changed: /Users/ericzietlow/Documents/GitHub/dsefs-demo/docsrc/config.toml
Started building sites ...
Total in 61 ms
[?25lBuilding sites … [?25h[K
                   | EN   
+------------------+-----+
  Pages            |  10  
  Paginator pages  |   0  
  Non-page files   |   3  
  Static files     | 209  
  Processed images |   0  
  Aliases          |   0  
  Sitemaps         |   1  
  Cleaned          |   0  

Total in 107 ms
Watching for changes in /Users/ericzietlow/Documents/GitHub/dsefs-demo/docsrc/{content,static,themes}
Serving pages from memory
Running in Fast Render Mode. For full rebuilds on change: hugo server --disableFastRender
Web Server is available at http://localhost:1313/ (bind address 0.0.0.0)
Press Ctrl+C to stop

Change detected, rebuilding site
2018-01-26 16:19:29.345 -0600
Source changed "/Users/ericzietlow/Documents/GitHub/dsefs-demo/docsrc/content/50_architecture/index.md": CREATE
Source changed "/Users/ericzietlow/Documents/GitHub/dsefs-demo/docsrc/content/50_architecture/architecture.md": RENAME
Total in 105 ms

Change detected, rebuilding site
2018-01-26 16:19:39.342 -0600
Source changed "/Users/ericzietlow/Documents/GitHub/dsefs-demo/docsrc/content/40_build_and_run/index.md": CREATE
Source changed "/Users/ericzietlow/Documents/GitHub/dsefs-demo/docsrc/content/40_build_and_run/build_and_run.md": RENAME
ERROR 2018/01/26 16:19:39 Two or more menu items have the same name/identifier in Menu "main": "introduction".
Rename or set an unique identifier.
Total in 46 ms

Change detected, rebuilding site
2018-01-26 16:19:50.343 -0600
Source changed "/Users/ericzietlow/Documents/GitHub/dsefs-demo/docsrc/content/30_checkpoint_demo/index.md": CREATE
Source changed "/Users/ericzietlow/Documents/GitHub/dsefs-demo/docsrc/content/30_checkpoint_demo/checkpoint.md": RENAME
ERROR 2018/01/26 16:19:50 Two or more menu items have the same name/identifier in Menu "main": "introduction".
Rename or set an unique identifier.
ERROR 2018/01/26 16:19:50 Two or more menu items have the same name/identifier in Menu "main": "introduction".
Rename or set an unique identifier.
Total in 32 ms

Change detected, rebuilding site
2018-01-26 16:20:01.344 -0600
Source changed "/Users/ericzietlow/Documents/GitHub/dsefs-demo/docsrc/content/20_load_demo/index.md": CREATE
Source changed "/Users/ericzietlow/Documents/GitHub/dsefs-demo/docsrc/content/20_load_demo/load.md": RENAME
ERROR 2018/01/26 16:20:01 Two or more menu items have the same name/identifier in Menu "main": "introduction".
Rename or set an unique identifier.
ERROR 2018/01/26 16:20:01 Two or more menu items have the same name/identifier in Menu "main": "introduction".
Rename or set an unique identifier.
ERROR 2018/01/26 16:20:01 Two or more menu items have the same name/identifier in Menu "main": "introduction".
Rename or set an unique identifier.
Total in 31 ms

Change detected, rebuilding site
2018-01-26 16:20:12.343 -0600
Source changed "/Users/ericzietlow/Documents/GitHub/dsefs-demo/docsrc/content/10_put_demo/index.md": CREATE
Source changed "/Users/ericzietlow/Documents/GitHub/dsefs-demo/docsrc/content/10_put_demo/puts.md": RENAME
ERROR 2018/01/26 16:20:12 Two or more menu items have the same name/identifier in Menu "main": "introduction".
Rename or set an unique identifier.
ERROR 2018/01/26 16:20:12 Two or more menu items have the same name/identifier in Menu "main": "introduction".
Rename or set an unique identifier.
ERROR 2018/01/26 16:20:12 Two or more menu items have the same name/identifier in Menu "main": "introduction".
Rename or set an unique identifier.
ERROR 2018/01/26 16:20:12 Two or more menu items have the same name/identifier in Menu "main": "introduction".
Rename or set an unique identifier.
Total in 50 ms
Config file changed: /Users/ericzietlow/Documents/GitHub/dsefs-demo/docsrc/config.toml
Started building sites ...
Total in 55 ms
[?25lBuilding sites … [?25h[K
                   | EN   
+------------------+-----+
  Pages            |  10  
  Paginator pages  |   0  
  Non-page files   |   3  
  Static files     | 209  
  Processed images |   0  
  Aliases          |   0  
  Sitemaps         |   1  
  Cleaned          |   0  

Total in 107 ms
Watching for changes in /Users/ericzietlow/Documents/GitHub/dsefs-demo/docsrc/{content,static,themes}
Serving pages from memory
Running in Fast Render Mode. For full rebuilds on change: hugo server --disableFastRender
Web Server is available at http://localhost:1313/ (bind address 0.0.0.0)
Press Ctrl+C to stop

Change detected, rebuilding site
2018-01-26 16:22:29.576 -0600
Source changed "/Users/ericzietlow/Documents/GitHub/dsefs-demo/docsrc/content/10_put_demo/puts.md": CREATE
Source changed "/Users/ericzietlow/Documents/GitHub/dsefs-demo/docsrc/content/10_put_demo/index.md": RENAME
Total in 36 ms

Change detected, rebuilding site
2018-01-26 16:22:32.576 -0600
Source changed "/Users/ericzietlow/Documents/GitHub/dsefs-demo/docsrc/content/20_load_demo/load.md": CREATE
Source changed "/Users/ericzietlow/Documents/GitHub/dsefs-demo/docsrc/content/20_load_demo/index.md": RENAME
ERROR 2018/01/26 16:22:32 Two or more menu items have the same name/identifier in Menu "main": "introduction".
Rename or set an unique identifier.
Total in 51 ms

Change detected, rebuilding site
2018-01-26 16:22:34.578 -0600
Source changed "/Users/ericzietlow/Documents/GitHub/dsefs-demo/docsrc/content/30_checkpoint_demo/checkpoint.md": CREATE
Source changed "/Users/ericzietlow/Documents/GitHub/dsefs-demo/docsrc/content/30_checkpoint_demo/index.md": RENAME
ERROR 2018/01/26 16:22:34 Two or more menu items have the same name/identifier in Menu "main": "introduction".
Rename or set an unique identifier.
ERROR 2018/01/26 16:22:34 Two or more menu items have the same name/identifier in Menu "main": "introduction".
Rename or set an unique identifier.
Total in 98 ms

Change detected, rebuilding site
2018-01-26 16:22:37.575 -0600
Source changed "/Users/ericzietlow/Documents/GitHub/dsefs-demo/docsrc/content/40_build_and_run/build_and_run.md": CREATE
Source changed "/Users/ericzietlow/Documents/GitHub/dsefs-demo/docsrc/content/40_build_and_run/index.md": RENAME
ERROR 2018/01/26 16:22:37 Two or more menu items have the same name/identifier in Menu "main": "introduction".
Rename or set an unique identifier.
ERROR 2018/01/26 16:22:37 Two or more menu items have the same name/identifier in Menu "main": "introduction".
Rename or set an unique identifier.
ERROR 2018/01/26 16:22:37 Two or more menu items have the same name/identifier in Menu "main": "introduction".
Rename or set an unique identifier.
Total in 35 ms

Change detected, rebuilding site
2018-01-26 16:22:39.576 -0600
Source changed "/Users/ericzietlow/Documents/GitHub/dsefs-demo/docsrc/content/50_architecture/architecture.md": CREATE
Source changed "/Users/ericzietlow/Documents/GitHub/dsefs-demo/docsrc/content/50_architecture/index.md": RENAME
ERROR 2018/01/26 16:22:39 Two or more menu items have the same name/identifier in Menu "main": "introduction".
Rename or set an unique identifier.
ERROR 2018/01/26 16:22:39 Two or more menu items have the same name/identifier in Menu "main": "introduction".
Rename or set an unique identifier.
ERROR 2018/01/26 16:22:39 Two or more menu items have the same name/identifier in Menu "main": "introduction".
Rename or set an unique identifier.
ERROR 2018/01/26 16:22:39 Two or more menu items have the same name/identifier in Menu "main": "introduction".
Rename or set an unique identifier.
Total in 59 ms
Config file changed: /Users/ericzietlow/Documents/GitHub/dsefs-demo/docsrc/config.toml
Started building sites ...
Total in 57 ms
Config file changed: /Users/ericzietlow/Documents/GitHub/dsefs-demo/docsrc/config.toml
Started building sites ...
Total in 106 ms
[?25lBuilding sites … [?25h[K
                   | EN   
+------------------+-----+
  Pages            |  10  
  Paginator pages  |   0  
  Non-page files   |   3  
  Static files     | 209  
  Processed images |   0  
  Aliases          |   0  
  Sitemaps         |   1  
  Cleaned          |   0  

Total in 861 ms
Watching for changes in /Users/ericzietlow/Documents/GitHub/dsefs-demo/docsrc/{content,static,themes}
Serving pages from memory
Running in Fast Render Mode. For full rebuilds on change: hugo server --disableFastRender
Web Server is available at http://localhost:1313/ (bind address 0.0.0.0)
Press Ctrl+C to stop
Config file changed: /Users/ericzietlow/Documents/GitHub/dsefs-demo/docsrc/config.toml
Started building sites ...
Total in 68 ms
